<?xml version="1.0" encoding="UTF-8"?>
<!-- Generated by org.testng.reporters.JUnitReportReporter -->
<testsuite hostname="DESKTOP-4K4NBNI" failures="0" tests="1" name="BasicPrograms.NewTest" time="0.083" errors="0" timestamp="2023-06-21T17:06:21 IST" skipped="0">
  <testcase classname="BasicPrograms.NewTest" name="Practiceform" time="0.083"/>
  <system-out/>
</testsuite> <!-- BasicPrograms.NewTest -->
